<?xml version="1.0" encoding="UTF-8"?>
<!-- Generated by org.testng.reporters.JUnitXMLReporter -->
<testsuite hostname="uk-deepdown" name="Default test" tests="7" failures="0" timestamp="5 Nov 2013 14:54:15 GMT" time="0.799" errors="0">
  <testcase name="setupConnector" time="0.318" classname="bpmCommonTests.CommonRepoTests"/>
  <testcase name="completeWorkItemRepoTest" time="0.166" classname="bpmCommonTests.CommonRepoTests"/>
  <testcase name="coreStatusRepoTest" time="0.048" classname="bpmCommonTests.CommonRepoTests"/>
  <testcase name="processArtifactRepoTest" time="0.095" classname="bpmCommonTests.CommonRepoTests"/>
  <testcase name="requestCallBackRepoTets" time="0.045" classname="bpmCommonTests.CommonRepoTests"/>
  <testcase name="startCaseDetailsRepoTest" time="0.057" classname="bpmCommonTests.CommonRepoTests"/>
  <testcase name="workItemKeyRepoTest" time="0.054" classname="bpmCommonTests.CommonRepoTests"/>
</testsuite> <!-- Default test -->
